2025-12-03T14:50:38.933+01:00  INFO 7376 --- [mapa] [main] [                                                 ] com.calabozo.mapa.MapaApplication        : Starting MapaApplication using Java 17.0.16 with PID 7376 (C:\DESSERV\SPRINGBOOT\calabozo\mapa\target\classes started by pmpin in C:\DESSERV)
2025-12-03T14:50:38.942+01:00  INFO 7376 --- [mapa] [main] [                                                 ] com.calabozo.mapa.MapaApplication        : No active profile set, falling back to 1 default profile: "default"
2025-12-03T14:50:40.074+01:00  INFO 7376 --- [mapa] [main] [                                                 ] .s.d.r.c.RepositoryConfigurationDelegate : Bootstrapping Spring Data JPA repositories in DEFAULT mode.
2025-12-03T14:50:40.146+01:00  INFO 7376 --- [mapa] [main] [                                                 ] .s.d.r.c.RepositoryConfigurationDelegate : Finished Spring Data repository scanning in 62 ms. Found 2 JPA repository interfaces.
2025-12-03T14:50:40.919+01:00  INFO 7376 --- [mapa] [main] [                                                 ] o.s.boot.tomcat.TomcatWebServer          : Tomcat initialized with port 8080 (http)
2025-12-03T14:50:40.936+01:00  INFO 7376 --- [mapa] [main] [                                                 ] o.apache.catalina.core.StandardService   : Starting service [Tomcat]
2025-12-03T14:50:40.937+01:00  INFO 7376 --- [mapa] [main] [                                                 ] o.apache.catalina.core.StandardEngine    : Starting Servlet engine: [Apache Tomcat/11.0.11]
2025-12-03T14:50:40.998+01:00  INFO 7376 --- [mapa] [main] [                                                 ] b.w.c.s.WebApplicationContextInitializer : Root WebApplicationContext: initialization completed in 2001 ms
2025-12-03T14:50:41.202+01:00 DEBUG 7376 --- [mapa] [main] [                                                 ] o.s.w.f.ServerHttpObservationFilter      : Filter 'webMvcObservationFilter' configured for use
2025-12-03T14:50:41.348+01:00  INFO 7376 --- [mapa] [main] [                                                 ] o.hibernate.jpa.internal.util.LogHelper  : HHH000204: Processing PersistenceUnitInfo [name: default]
2025-12-03T14:50:41.573+01:00  INFO 7376 --- [mapa] [main] [                                                 ] org.hibernate.Version                    : HHH000412: Hibernate ORM core version 7.1.1.Final
2025-12-03T14:50:42.134+01:00  INFO 7376 --- [mapa] [main] [                                                 ] o.s.o.j.p.SpringPersistenceUnitInfo      : No LoadTimeWeaver setup: ignoring JPA class transformer
2025-12-03T14:50:42.178+01:00  INFO 7376 --- [mapa] [main] [                                                 ] com.zaxxer.hikari.HikariDataSource       : HikariPool-1 - Starting...
2025-12-03T14:50:42.523+01:00  INFO 7376 --- [mapa] [main] [                                                 ] com.zaxxer.hikari.pool.HikariPool        : HikariPool-1 - Added connection com.mysql.cj.jdbc.ConnectionImpl@137d04d8
2025-12-03T14:50:42.525+01:00  INFO 7376 --- [mapa] [main] [                                                 ] com.zaxxer.hikari.HikariDataSource       : HikariPool-1 - Start completed.
2025-12-03T14:50:42.588+01:00  WARN 7376 --- [mapa] [main] [                                                 ] org.hibernate.orm.deprecation            : HHH90000025: MySQLDialect does not need to be specified explicitly using 'hibernate.dialect' (remove the property setting and it will be selected by default)
2025-12-03T14:50:42.606+01:00  INFO 7376 --- [mapa] [main] [                                                 ] org.hibernate.orm.connections.pooling    : HHH10001005: Database info:
	Database JDBC URL [jdbc:mysql://localhost:3306/citydungeon]
	Database driver: MySQL Connector/J
	Database dialect: MySQLDialect
	Database version: 8.0.43
	Default catalog/schema: citydungeon/undefined
	Autocommit mode: undefined/unknown
	Isolation level: REPEATABLE_READ [default REPEATABLE_READ]
	JDBC fetch size: none
	Pool: DatasourceConnectionProviderImpl
	Minimum pool size: undefined/unknown
	Maximum pool size: undefined/unknown
2025-12-03T14:50:43.635+01:00  INFO 7376 --- [mapa] [main] [                                                 ] o.h.e.t.j.p.i.JtaPlatformInitiator       : HHH000489: No JTA platform available (set 'hibernate.transaction.jta.platform' to enable JTA platform integration)
2025-12-03T14:50:43.726+01:00  INFO 7376 --- [mapa] [main] [                                                 ] j.LocalContainerEntityManagerFactoryBean : Initialized JPA EntityManagerFactory for persistence unit 'default'
2025-12-03T14:50:43.830+01:00  INFO 7376 --- [mapa] [main] [                                                 ] o.s.d.j.r.query.QueryEnhancerFactories   : Hibernate is in classpath; If applicable, HQL parser will be used.
2025-12-03T14:50:44.245+01:00 DEBUG 7376 --- [mapa] [main] [                                                 ] o.s.web.client.RestTemplate              : HTTP GET https://accounts.google.com/.well-known/openid-configuration
2025-12-03T14:50:44.250+01:00 DEBUG 7376 --- [mapa] [main] [                                                 ] o.s.web.client.RestTemplate              : Accept=[application/json, application/*+json]
2025-12-03T14:50:44.471+01:00 DEBUG 7376 --- [mapa] [main] [                                                 ] o.s.web.client.RestTemplate              : Response 200 OK
2025-12-03T14:50:44.473+01:00 DEBUG 7376 --- [mapa] [main] [                                                 ] o.s.web.client.RestTemplate              : Reading to [java.util.Map<java.lang.String, java.lang.Object>]
2025-12-03T14:50:44.626+01:00  WARN 7376 --- [mapa] [main] [                                                 ] JpaBaseConfiguration$JpaWebConfiguration : spring.jpa.open-in-view is enabled by default. Therefore, database queries may be performed during view rendering. Explicitly configure spring.jpa.open-in-view to disable this warning
2025-12-03T14:50:44.702+01:00 DEBUG 7376 --- [mapa] [main] [                                                 ] swordEncoderAuthenticationManagerBuilder : No authenticationProviders and no parentAuthenticationManager defined. Returning null.
2025-12-03T14:50:44.890+01:00 DEBUG 7376 --- [mapa] [main] [                                                 ] o.s.s.web.DefaultSecurityFilterChain     : Will secure any request with filters: DisableEncodeUrlFilter, WebAsyncManagerIntegrationFilter, SecurityContextHolderFilter, HeaderWriterFilter, CsrfFilter, LogoutFilter, OAuth2AuthorizationRequestRedirectFilter, OAuth2LoginAuthenticationFilter, RequestCacheAwareFilter, SecurityContextHolderAwareRequestFilter, AnonymousAuthenticationFilter, ExceptionTranslationFilter, AuthorizationFilter
2025-12-03T14:50:45.001+01:00 DEBUG 7376 --- [mapa] [main] [                                                 ] s.w.s.m.m.a.RequestMappingHandlerMapping : 24 mappings in 'requestMappingHandlerMapping'
2025-12-03T14:50:45.031+01:00 DEBUG 7376 --- [mapa] [main] [                                                 ] o.s.w.s.handler.SimpleUrlHandlerMapping  : Patterns [/webjars/**, /**] in 'resourceHandlerMapping'
2025-12-03T14:50:45.063+01:00 DEBUG 7376 --- [mapa] [main] [                                                 ] s.w.s.m.m.a.RequestMappingHandlerAdapter : ControllerAdvice beans: 0 @ModelAttribute, 0 @InitBinder, 1 RequestBodyAdvice, 1 ResponseBodyAdvice
2025-12-03T14:50:45.151+01:00 DEBUG 7376 --- [mapa] [main] [                                                 ] .m.m.a.ExceptionHandlerExceptionResolver : ControllerAdvice beans: 0 @ExceptionHandler, 1 ResponseBodyAdvice
2025-12-03T14:50:45.431+01:00  INFO 7376 --- [mapa] [main] [                                                 ] o.s.b.a.e.web.EndpointLinksResolver      : Exposing 1 endpoint beneath base path '/actuator'
2025-12-03T14:50:45.513+01:00  INFO 7376 --- [mapa] [main] [                                                 ] o.s.boot.tomcat.TomcatWebServer          : Tomcat started on port 8080 (http) with context path '/'
2025-12-03T14:50:45.524+01:00  INFO 7376 --- [mapa] [main] [                                                 ] com.calabozo.mapa.MapaApplication        : Started MapaApplication in 7.113 seconds (process running for 7.778)
2025-12-03T14:50:47.676+01:00  INFO 7376 --- [mapa] [RMI TCP Connection(2)-127.0.0.1] [                                                 ] o.a.c.c.C.[Tomcat].[localhost].[/]       : Initializing Spring DispatcherServlet 'dispatcherServlet'
2025-12-03T14:50:47.677+01:00  INFO 7376 --- [mapa] [RMI TCP Connection(2)-127.0.0.1] [                                                 ] o.s.web.servlet.DispatcherServlet        : Initializing Servlet 'dispatcherServlet'
2025-12-03T14:50:47.677+01:00 DEBUG 7376 --- [mapa] [RMI TCP Connection(2)-127.0.0.1] [                                                 ] o.s.web.servlet.DispatcherServlet        : Detected StandardServletMultipartResolver
2025-12-03T14:50:47.677+01:00 DEBUG 7376 --- [mapa] [RMI TCP Connection(2)-127.0.0.1] [                                                 ] o.s.web.servlet.DispatcherServlet        : Detected AcceptHeaderLocaleResolver
2025-12-03T14:50:47.678+01:00 DEBUG 7376 --- [mapa] [RMI TCP Connection(2)-127.0.0.1] [                                                 ] o.s.web.servlet.DispatcherServlet        : Detected org.springframework.web.servlet.view.DefaultRequestToViewNameTranslator@597f9d91
2025-12-03T14:50:47.680+01:00 DEBUG 7376 --- [mapa] [RMI TCP Connection(2)-127.0.0.1] [                                                 ] o.s.web.servlet.DispatcherServlet        : Detected org.springframework.web.servlet.support.SessionFlashMapManager@679cdfc3
2025-12-03T14:50:47.680+01:00 DEBUG 7376 --- [mapa] [RMI TCP Connection(2)-127.0.0.1] [                                                 ] o.s.web.servlet.DispatcherServlet        : enableLoggingRequestDetails='false': request parameters and headers will be masked to prevent unsafe logging of potentially sensitive data
2025-12-03T14:50:47.680+01:00  INFO 7376 --- [mapa] [RMI TCP Connection(2)-127.0.0.1] [                                                 ] o.s.web.servlet.DispatcherServlet        : Completed initialization in 3 ms
2025-12-03T14:50:57.695+01:00 DEBUG 7376 --- [mapa] [http-nio-8080-exec-1] [                                                 ] o.s.security.web.FilterChainProxy        : Securing GET /ciudades
2025-12-03T14:50:57.708+01:00 TRACE 7376 --- [mapa] [http-nio-8080-exec-1] [                                                 ] .s.o.c.w.OAuth2LoginAuthenticationFilter : Did not match request to PathPattern [/login/oauth2/code/*]
2025-12-03T14:50:57.714+01:00 DEBUG 7376 --- [mapa] [http-nio-8080-exec-1] [                                                 ] o.s.security.web.FilterChainProxy        : Secured GET /ciudades
2025-12-03T14:50:57.719+01:00 DEBUG 7376 --- [mapa] [http-nio-8080-exec-1] [                                                 ] o.s.web.servlet.DispatcherServlet        : GET "/ciudades", parameters={}
2025-12-03T14:50:57.726+01:00 DEBUG 7376 --- [mapa] [http-nio-8080-exec-1] [                                                 ] s.w.s.m.m.a.RequestMappingHandlerMapping : Mapped to com.calabozo.mapa.controller.cityController#listCities(Model)
2025-12-03T14:50:57.983+01:00 DEBUG 7376 --- [mapa] [http-nio-8080-exec-1] [                                                 ] o.s.w.s.v.ContentNegotiatingViewResolver : Selected 'text/html' given [text/html, application/xhtml+xml, image/avif, image/webp, image/apng, application/xml;q=0.9, */*;q=0.8]
2025-12-03T14:50:58.351+01:00 DEBUG 7376 --- [mapa] [http-nio-8080-exec-1] [                                                 ] o.s.web.servlet.DispatcherServlet        : Completed 200 OK
2025-12-03T14:50:58.359+01:00 DEBUG 7376 --- [mapa] [http-nio-8080-exec-1] [                                                 ] o.s.s.w.a.AnonymousAuthenticationFilter  : Set SecurityContextHolder to anonymous SecurityContext
2025-12-03T14:50:58.492+01:00 DEBUG 7376 --- [mapa] [http-nio-8080-exec-2] [                                                 ] o.s.security.web.FilterChainProxy        : Securing GET /favicon.ico
2025-12-03T14:50:58.492+01:00 TRACE 7376 --- [mapa] [http-nio-8080-exec-2] [                                                 ] .s.o.c.w.OAuth2LoginAuthenticationFilter : Did not match request to PathPattern [/login/oauth2/code/*]
2025-12-03T14:50:58.493+01:00 DEBUG 7376 --- [mapa] [http-nio-8080-exec-2] [                                                 ] o.s.s.w.a.AnonymousAuthenticationFilter  : Set SecurityContextHolder to anonymous SecurityContext
2025-12-03T14:50:58.498+01:00 DEBUG 7376 --- [mapa] [http-nio-8080-exec-2] [                                                 ] o.s.s.web.DefaultRedirectStrategy        : Redirecting to http://127.0.0.1:8080/login
2025-12-03T14:50:58.504+01:00 DEBUG 7376 --- [mapa] [http-nio-8080-exec-3] [                                                 ] o.s.security.web.FilterChainProxy        : Securing GET /login
2025-12-03T14:50:58.506+01:00 TRACE 7376 --- [mapa] [http-nio-8080-exec-3] [                                                 ] .s.o.c.w.OAuth2LoginAuthenticationFilter : Did not match request to PathPattern [/login/oauth2/code/*]
2025-12-03T14:50:58.506+01:00 DEBUG 7376 --- [mapa] [http-nio-8080-exec-3] [                                                 ] o.s.security.web.FilterChainProxy        : Secured GET /login
2025-12-03T14:50:58.507+01:00 DEBUG 7376 --- [mapa] [http-nio-8080-exec-3] [                                                 ] o.s.web.servlet.DispatcherServlet        : GET "/login", parameters={}
2025-12-03T14:50:58.507+01:00 DEBUG 7376 --- [mapa] [http-nio-8080-exec-3] [                                                 ] s.w.s.m.m.a.RequestMappingHandlerMapping : Mapped to com.calabozo.mapa.controller.MainController#login()
2025-12-03T14:50:58.509+01:00  INFO 7376 --- [mapa] [http-nio-8080-exec-3] [                                                 ] c.c.mapa.controller.MainController       : Intentando logearnos
2025-12-03T14:50:58.510+01:00 DEBUG 7376 --- [mapa] [http-nio-8080-exec-3] [                                                 ] o.s.w.s.v.ContentNegotiatingViewResolver : Selected '*/*' given [image/avif, image/webp, image/apng, image/svg+xml, image/*, */*;q=0.8]
2025-12-03T14:50:58.537+01:00 DEBUG 7376 --- [mapa] [http-nio-8080-exec-3] [                                                 ] o.s.web.servlet.DispatcherServlet        : Completed 200 OK
2025-12-03T14:50:58.538+01:00 DEBUG 7376 --- [mapa] [http-nio-8080-exec-3] [                                                 ] o.s.s.w.a.AnonymousAuthenticationFilter  : Set SecurityContextHolder to anonymous SecurityContext
2025-12-03T14:51:13.021+01:00 DEBUG 7376 --- [mapa] [http-nio-8080-exec-4] [                                                 ] o.s.security.web.FilterChainProxy        : Securing GET /ciudades/nuevo
2025-12-03T14:51:13.021+01:00 TRACE 7376 --- [mapa] [http-nio-8080-exec-4] [                                                 ] .s.o.c.w.OAuth2LoginAuthenticationFilter : Did not match request to PathPattern [/login/oauth2/code/*]
2025-12-03T14:51:13.023+01:00 DEBUG 7376 --- [mapa] [http-nio-8080-exec-4] [                                                 ] o.s.security.web.FilterChainProxy        : Secured GET /ciudades/nuevo
2025-12-03T14:51:13.023+01:00 DEBUG 7376 --- [mapa] [http-nio-8080-exec-4] [                                                 ] o.s.web.servlet.DispatcherServlet        : GET "/ciudades/nuevo", parameters={}
2025-12-03T14:51:13.024+01:00 DEBUG 7376 --- [mapa] [http-nio-8080-exec-4] [                                                 ] s.w.s.m.m.a.RequestMappingHandlerMapping : Mapped to com.calabozo.mapa.controller.cityController#newCity(Model)
2025-12-03T14:51:13.032+01:00 DEBUG 7376 --- [mapa] [http-nio-8080-exec-4] [                                                 ] o.s.w.s.v.ContentNegotiatingViewResolver : Selected 'text/html' given [text/html, application/xhtml+xml, image/avif, image/webp, image/apng, application/xml;q=0.9, */*;q=0.8]
2025-12-03T14:51:13.151+01:00 DEBUG 7376 --- [mapa] [http-nio-8080-exec-4] [                                                 ] o.s.web.servlet.DispatcherServlet        : Completed 200 OK
2025-12-03T14:51:13.151+01:00 DEBUG 7376 --- [mapa] [http-nio-8080-exec-4] [                                                 ] o.s.s.w.a.AnonymousAuthenticationFilter  : Set SecurityContextHolder to anonymous SecurityContext
2025-12-03T14:51:13.203+01:00 DEBUG 7376 --- [mapa] [http-nio-8080-exec-5] [                                                 ] o.s.security.web.FilterChainProxy        : Securing GET /favicon.ico
2025-12-03T14:51:13.204+01:00 TRACE 7376 --- [mapa] [http-nio-8080-exec-5] [                                                 ] .s.o.c.w.OAuth2LoginAuthenticationFilter : Did not match request to PathPattern [/login/oauth2/code/*]
2025-12-03T14:51:13.205+01:00 DEBUG 7376 --- [mapa] [http-nio-8080-exec-5] [                                                 ] o.s.s.w.a.AnonymousAuthenticationFilter  : Set SecurityContextHolder to anonymous SecurityContext
2025-12-03T14:51:13.207+01:00 DEBUG 7376 --- [mapa] [http-nio-8080-exec-5] [                                                 ] o.s.s.web.DefaultRedirectStrategy        : Redirecting to http://127.0.0.1:8080/login
2025-12-03T14:51:13.211+01:00 DEBUG 7376 --- [mapa] [http-nio-8080-exec-6] [                                                 ] o.s.security.web.FilterChainProxy        : Securing GET /login
2025-12-03T14:51:13.212+01:00 TRACE 7376 --- [mapa] [http-nio-8080-exec-6] [                                                 ] .s.o.c.w.OAuth2LoginAuthenticationFilter : Did not match request to PathPattern [/login/oauth2/code/*]
2025-12-03T14:51:13.213+01:00 DEBUG 7376 --- [mapa] [http-nio-8080-exec-6] [                                                 ] o.s.security.web.FilterChainProxy        : Secured GET /login
2025-12-03T14:51:13.213+01:00 DEBUG 7376 --- [mapa] [http-nio-8080-exec-6] [                                                 ] o.s.web.servlet.DispatcherServlet        : GET "/login", parameters={}
2025-12-03T14:51:13.214+01:00 DEBUG 7376 --- [mapa] [http-nio-8080-exec-6] [                                                 ] s.w.s.m.m.a.RequestMappingHandlerMapping : Mapped to com.calabozo.mapa.controller.MainController#login()
2025-12-03T14:51:13.214+01:00  INFO 7376 --- [mapa] [http-nio-8080-exec-6] [                                                 ] c.c.mapa.controller.MainController       : Intentando logearnos
2025-12-03T14:51:13.215+01:00 DEBUG 7376 --- [mapa] [http-nio-8080-exec-6] [                                                 ] o.s.w.s.v.ContentNegotiatingViewResolver : Selected '*/*' given [image/avif, image/webp, image/apng, image/svg+xml, image/*, */*;q=0.8]
2025-12-03T14:51:13.221+01:00 DEBUG 7376 --- [mapa] [http-nio-8080-exec-6] [                                                 ] o.s.web.servlet.DispatcherServlet        : Completed 200 OK
2025-12-03T14:51:13.222+01:00 DEBUG 7376 --- [mapa] [http-nio-8080-exec-6] [                                                 ] o.s.s.w.a.AnonymousAuthenticationFilter  : Set SecurityContextHolder to anonymous SecurityContext
2025-12-03T14:51:14.773+01:00 DEBUG 7376 --- [mapa] [http-nio-8080-exec-7] [                                                 ] o.s.security.web.FilterChainProxy        : Securing GET /ciudades
2025-12-03T14:51:14.773+01:00 TRACE 7376 --- [mapa] [http-nio-8080-exec-7] [                                                 ] .s.o.c.w.OAuth2LoginAuthenticationFilter : Did not match request to PathPattern [/login/oauth2/code/*]
2025-12-03T14:51:14.774+01:00 DEBUG 7376 --- [mapa] [http-nio-8080-exec-7] [                                                 ] o.s.security.web.FilterChainProxy        : Secured GET /ciudades
2025-12-03T14:51:14.774+01:00 DEBUG 7376 --- [mapa] [http-nio-8080-exec-7] [                                                 ] o.s.web.servlet.DispatcherServlet        : GET "/ciudades", parameters={}
2025-12-03T14:51:14.776+01:00 DEBUG 7376 --- [mapa] [http-nio-8080-exec-7] [                                                 ] s.w.s.m.m.a.RequestMappingHandlerMapping : Mapped to com.calabozo.mapa.controller.cityController#listCities(Model)
2025-12-03T14:51:14.787+01:00 DEBUG 7376 --- [mapa] [http-nio-8080-exec-7] [                                                 ] o.s.w.s.v.ContentNegotiatingViewResolver : Selected 'text/html' given [text/html, application/xhtml+xml, image/avif, image/webp, image/apng, application/xml;q=0.9, */*;q=0.8]
2025-12-03T14:51:14.805+01:00 DEBUG 7376 --- [mapa] [http-nio-8080-exec-7] [                                                 ] o.s.web.servlet.DispatcherServlet        : Completed 200 OK
2025-12-03T14:51:14.806+01:00 DEBUG 7376 --- [mapa] [http-nio-8080-exec-7] [                                                 ] o.s.s.w.a.AnonymousAuthenticationFilter  : Set SecurityContextHolder to anonymous SecurityContext
2025-12-03T14:51:14.839+01:00 DEBUG 7376 --- [mapa] [http-nio-8080-exec-8] [                                                 ] o.s.security.web.FilterChainProxy        : Securing GET /favicon.ico
2025-12-03T14:51:14.839+01:00 TRACE 7376 --- [mapa] [http-nio-8080-exec-8] [                                                 ] .s.o.c.w.OAuth2LoginAuthenticationFilter : Did not match request to PathPattern [/login/oauth2/code/*]
2025-12-03T14:51:14.839+01:00 DEBUG 7376 --- [mapa] [http-nio-8080-exec-8] [                                                 ] o.s.s.w.a.AnonymousAuthenticationFilter  : Set SecurityContextHolder to anonymous SecurityContext
2025-12-03T14:51:14.840+01:00 DEBUG 7376 --- [mapa] [http-nio-8080-exec-8] [                                                 ] o.s.s.web.DefaultRedirectStrategy        : Redirecting to http://127.0.0.1:8080/login
2025-12-03T14:51:14.843+01:00 DEBUG 7376 --- [mapa] [http-nio-8080-exec-9] [                                                 ] o.s.security.web.FilterChainProxy        : Securing GET /login
2025-12-03T14:51:14.844+01:00 TRACE 7376 --- [mapa] [http-nio-8080-exec-9] [                                                 ] .s.o.c.w.OAuth2LoginAuthenticationFilter : Did not match request to PathPattern [/login/oauth2/code/*]
2025-12-03T14:51:14.844+01:00 DEBUG 7376 --- [mapa] [http-nio-8080-exec-9] [                                                 ] o.s.security.web.FilterChainProxy        : Secured GET /login
2025-12-03T14:51:14.846+01:00 DEBUG 7376 --- [mapa] [http-nio-8080-exec-9] [                                                 ] o.s.web.servlet.DispatcherServlet        : GET "/login", parameters={}
2025-12-03T14:51:14.846+01:00 DEBUG 7376 --- [mapa] [http-nio-8080-exec-9] [                                                 ] s.w.s.m.m.a.RequestMappingHandlerMapping : Mapped to com.calabozo.mapa.controller.MainController#login()
2025-12-03T14:51:14.846+01:00  INFO 7376 --- [mapa] [http-nio-8080-exec-9] [                                                 ] c.c.mapa.controller.MainController       : Intentando logearnos
2025-12-03T14:51:14.847+01:00 DEBUG 7376 --- [mapa] [http-nio-8080-exec-9] [                                                 ] o.s.w.s.v.ContentNegotiatingViewResolver : Selected '*/*' given [image/avif, image/webp, image/apng, image/svg+xml, image/*, */*;q=0.8]
2025-12-03T14:51:14.848+01:00 DEBUG 7376 --- [mapa] [http-nio-8080-exec-9] [                                                 ] o.s.web.servlet.DispatcherServlet        : Completed 200 OK
2025-12-03T14:51:14.848+01:00 DEBUG 7376 --- [mapa] [http-nio-8080-exec-9] [                                                 ] o.s.s.w.a.AnonymousAuthenticationFilter  : Set SecurityContextHolder to anonymous SecurityContext
